<?xml version="1.0" encoding="UTF-8"?>
<!-- Generated by org.testng.reporters.JUnitReportReporter -->
<testsuite hostname="Gururaj" name="scripts.ValidLoginLogout" tests="1" failures="0" timestamp="20 Jan 2018 11:06:58 GMT" time="8.090" errors="0">
  <testcase name="testValidLoginLogout" time="8.090" classname="scripts.ValidLoginLogout"/>
</testsuite> <!-- scripts.ValidLoginLogout -->
